New log file opened at Mon Jun 13 23:23:12 CST 2016 by 22173@mario-pc
Sending msg to client activator-b52dc459-88c8-4e36-a3de-fb33ee355901: DetachedLogEvent(LogMessage(debug,sbt server socket logs are in: /home/mario/isw811-g1/Play+Java/play-java-intro/.sbtserver/connections/master.log))
Sending msg to client activator-b52dc459-88c8-4e36-a3de-fb33ee355901: DetachedLogEvent(LogMessage(debug,sbt general server logs are in: /home/mario/isw811-g1/Play+Java/play-java-intro/.sbtserver/master.log))
Sending msg to client activator-b52dc459-88c8-4e36-a3de-fb33ee355901: DetachedLogEvent(LogMessage(debug,sbt client logs are in: /home/mario/isw811-g1/Play+Java/play-java-intro/.sbtserver/connections/activator-b52dc459-88c8-4e36-a3de-fb33ee355901.log))
Dropping message DetachedLogEvent(LogMessage(debug,sbt general server logs are in: /home/mario/isw811-g1/Play+Java/play-java-intro/.sbtserver/master.log)) because client activator-b52dc459-88c8-4e36-a3de-fb33ee355901 of an exception serializing and sending: java.net.SocketException: Tubería rota
Dropping message DetachedLogEvent(LogMessage(debug,sbt client logs are in: /home/mario/isw811-g1/Play+Java/play-java-intro/.sbtserver/connections/activator-b52dc459-88c8-4e36-a3de-fb33ee355901.log)) because client activator-b52dc459-88c8-4e36-a3de-fb33ee355901 of an exception serializing and sending: java.net.SocketException: Tubería rota
stack trace sending message was 
java.net.SocketException: Tubería rota
	at java.net.SocketOutputStream.socketWrite0(Native Method)
	at java.net.SocketOutputStream.socketWrite(SocketOutputStream.java:109)
	at java.net.SocketOutputStream.write(SocketOutputStream.java:153)
	at java.io.BufferedOutputStream.flushBuffer(BufferedOutputStream.java:82)
	at java.io.BufferedOutputStream.flush(BufferedOutputStream.java:140)
	at java.io.DataOutputStream.flush(DataOutputStream.java:123)
	at sbt.impl.ipc.Peer.send(IPC.scala:79)
	at sbt.impl.ipc.Peer.send(IPC.scala:83)
	at sbt.impl.ipc.Peer.sendString(IPC.scala:106)
	at sbt.impl.ipc.Peer.sendJson(IPC.scala:119)
	at sbt.server.SbtClientHandler$$anonfun$send$1.apply$mcV$sp(SbtClientHandler.scala:128)
	at sbt.server.SbtClientHandler.wrappedSend(SbtClientHandler.scala:113)
	at sbt.server.SbtClientHandler.send(SbtClientHandler.scala:128)
	at sbt.server.SbtClientHandler$clientThread$.run(SbtClientHandler.scala:42)
stack trace sending message was 
java.net.SocketException: Tubería rota
	at java.net.SocketOutputStream.socketWrite0(Native Method)
	at java.net.SocketOutputStream.socketWrite(SocketOutputStream.java:109)
	at java.net.SocketOutputStream.write(SocketOutputStream.java:153)
	at java.io.BufferedOutputStream.flushBuffer(BufferedOutputStream.java:82)
	at java.io.BufferedOutputStream.flush(BufferedOutputStream.java:140)
	at java.io.DataOutputStream.flush(DataOutputStream.java:123)
	at sbt.impl.ipc.Peer.send(IPC.scala:79)
	at sbt.impl.ipc.Peer.send(IPC.scala:83)
	at sbt.impl.ipc.Peer.sendString(IPC.scala:106)
	at sbt.impl.ipc.Peer.sendJson(IPC.scala:119)
	at sbt.server.SbtClientHandler$$anonfun$send$1.apply$mcV$sp(SbtClientHandler.scala:128)
	at sbt.server.SbtClientHandler.wrappedSend(SbtClientHandler.scala:113)
	at sbt.server.SbtClientHandler.send(SbtClientHandler.scala:128)
	at sbt.server.SbtServerSocketHandler$$anon$1.run(SbtServerSocketHandler.scala:92)
Reading next message from client.
Client activator-b52dc459-88c8-4e36-a3de-fb33ee355901 closed, java.net.SocketException: socket is closed, shutting down
Dropping message (0,ReceivedResponse()) to dead client activator-b52dc459-88c8-4e36-a3de-fb33ee355901
Client activator-b52dc459-88c8-4e36-a3de-fb33ee355901 thread exiting.
